2018-10-04T08:33:30.571Z - error: /Users/romanstankiewicz/Development/STRATEGY/roomipro/functions/node_modules/firebase-admin/lib/auth/credential.js:139
            throw new error_1.FirebaseAppError(error_1.AppErrorCodes.INVALID_CREDENTIAL, 'Failed to parse certificate key file: ' + error);
            ^

Error: Failed to parse certificate key file: Error: ENOENT: no such file or directory, open 'VoiceTest-b31979c969f4.json'
    at FirebaseAppError.FirebaseError [as constructor] (/Users/romanstankiewicz/Development/STRATEGY/roomipro/functions/node_modules/firebase-admin/lib/utils/error.js:39:28)
    at FirebaseAppError.PrefixedFirebaseError [as constructor] (/Users/romanstankiewicz/Development/STRATEGY/roomipro/functions/node_modules/firebase-admin/lib/utils/error.js:85:28)
    at new FirebaseAppError (/Users/romanstankiewicz/Development/STRATEGY/roomipro/functions/node_modules/firebase-admin/lib/utils/error.js:119:28)
    at Function.Certificate.fromPath (/Users/romanstankiewicz/Development/STRATEGY/roomipro/functions/node_modules/firebase-admin/lib/auth/credential.js:139:19)
    at new ApplicationDefaultCredential (/Users/romanstankiewicz/Development/STRATEGY/roomipro/functions/node_modules/firebase-admin/lib/auth/credential.js:299:46)
    at FirebaseNamespaceInternals.initializeApp (/Users/romanstankiewicz/Development/STRATEGY/roomipro/functions/node_modules/firebase-admin/lib/firebase-namespace.js:61:34)
    at FirebaseNamespace.initializeApp (/Users/romanstankiewicz/Development/STRATEGY/roomipro/functions/node_modules/firebase-admin/lib/firebase-namespace.js:362:30)
    at Object.<anonymous> (/Users/romanstankiewicz/Development/STRATEGY/roomipro/functions/index.js:20:7)
    at Module._compile (internal/modules/cjs/loader.js:689:30)
    at Object.Module._extensions..js (internal/modules/cjs/loader.js:700:10)
2018-10-04T08:33:30.590Z - error: Function worker crashed with exit code: 1
2018-10-04T08:33:30.597Z - error: /Users/romanstankiewicz/Development/STRATEGY/roomipro/functions/node_modules/firebase-admin/lib/auth/credential.js:139
            throw new error_1.FirebaseAppError(error_1.AppErrorCodes.INVALID_CREDENTIAL, 'Failed to parse certificate key file: ' + error);
            ^

Error: Failed to parse certificate key file: Error: ENOENT: no such file or directory, open 'VoiceTest-b31979c969f4.json'
    at FirebaseAppError.FirebaseError [as constructor] (/Users/romanstankiewicz/Development/STRATEGY/roomipro/functions/node_modules/firebase-admin/lib/utils/error.js:39:28)
    at FirebaseAppError.PrefixedFirebaseError [as constructor] (/Users/romanstankiewicz/Development/STRATEGY/roomipro/functions/node_modules/firebase-admin/lib/utils/error.js:85:28)
    at new FirebaseAppError (/Users/romanstankiewicz/Development/STRATEGY/roomipro/functions/node_modules/firebase-admin/lib/utils/error.js:119:28)
    at Function.Certificate.fromPath (/Users/romanstankiewicz/Development/STRATEGY/roomipro/functions/node_modules/firebase-admin/lib/auth/credential.js:139:19)
    at new ApplicationDefaultCredential (/Users/romanstankiewicz/Development/STRATEGY/roomipro/functions/node_modules/firebase-admin/lib/auth/credential.js:299:46)
    at FirebaseNamespaceInternals.initializeApp (/Users/romanstankiewicz/Development/STRATEGY/roomipro/functions/node_modules/firebase-admin/lib/firebase-namespace.js:61:34)
    at FirebaseNamespace.initializeApp (/Users/romanstankiewicz/Development/STRATEGY/roomipro/functions/node_modules/firebase-admin/lib/firebase-namespace.js:362:30)
    at Object.<anonymous> (/Users/romanstankiewicz/Development/STRATEGY/roomipro/functions/index.js:20:7)
    at Module._compile (internal/modules/cjs/loader.js:689:30)
    at Object.Module._extensions..js (internal/modules/cjs/loader.js:700:10)
2018-10-04T08:33:30.614Z - error: Function worker crashed with exit code: 1
2018-10-04T08:33:30.729Z - error:  code=500, status=INTERNAL, message=Function worker crashed with exit code: 1
undefined/Users/romanstankiewicz/Development/STRATEGY/roomipro/functions/node_modules/firebase-admin/lib/auth/credential.js:139
            throw new error_1.FirebaseAppError(error_1.AppErrorCodes.INVALID_CREDENTIAL, 'Failed to parse certificate key file: ' + error);
            ^

Error: Failed to parse certificate key file: Error: ENOENT: no such file or directory, open 'VoiceTest-b31979c969f4.json'
    at FirebaseAppError.FirebaseError [as constructor] (/Users/romanstankiewicz/Development/STRATEGY/roomipro/functions/node_modules/firebase-admin/lib/utils/error.js:39:28)
    at FirebaseAppError.PrefixedFirebaseError [as constructor] (/Users/romanstankiewicz/Development/STRATEGY/roomipro/functions/node_modules/firebase-admin/lib/utils/error.js:85:28)
    at new FirebaseAppError (/Users/romanstankiewicz/Development/STRATEGY/roomipro/functions/node_modules/firebase-admin/lib/utils/error.js:119:28)
    at Function.Certificate.fromPath (/Users/romanstankiewicz/Development/STRATEGY/roomipro/functions/node_modules/firebase-admin/lib/auth/credential.js:139:19)
    at new ApplicationDefaultCredential (/Users/romanstankiewicz/Development/STRATEGY/roomipro/functions/node_modules/firebase-admin/lib/auth/credential.js:299:46)
    at FirebaseNamespaceInternals.initializeApp (/Users/romanstankiewicz/Development/STRATEGY/roomipro/functions/node_modules/firebase-admin/lib/firebase-namespace.js:61:34)
    at FirebaseNamespace.initializeApp (/Users/romanstankiewicz/Development/STRATEGY/roomipro/functions/node_modules/firebase-admin/lib/firebase-namespace.js:362:30)
    at Object.<anonymous> (/Users/romanstankiewicz/Development/STRATEGY/roomipro/functions/index.js:20:7)
    at Module._compile (internal/modules/cjs/loader.js:689:30)
    at Object.Module._extensions..js (internal/modules/cjs/loader.js:700:10), errors=[Function worker crashed with exit code: 1
undefined/Users/romanstankiewicz/Development/STRATEGY/roomipro/functions/node_modules/firebase-admin/lib/auth/credential.js:139
            throw new error_1.FirebaseAppError(error_1.AppErrorCodes.INVALID_CREDENTIAL, 'Failed to parse certificate key file: ' + error);
            ^

Error: Failed to parse certificate key file: Error: ENOENT: no such file or directory, open 'VoiceTest-b31979c969f4.json'
    at FirebaseAppError.FirebaseError [as constructor] (/Users/romanstankiewicz/Development/STRATEGY/roomipro/functions/node_modules/firebase-admin/lib/utils/error.js:39:28)
    at FirebaseAppError.PrefixedFirebaseError [as constructor] (/Users/romanstankiewicz/Development/STRATEGY/roomipro/functions/node_modules/firebase-admin/lib/utils/error.js:85:28)
    at new FirebaseAppError (/Users/romanstankiewicz/Development/STRATEGY/roomipro/functions/node_modules/firebase-admin/lib/utils/error.js:119:28)
    at Function.Certificate.fromPath (/Users/romanstankiewicz/Development/STRATEGY/roomipro/functions/node_modules/firebase-admin/lib/auth/credential.js:139:19)
    at new ApplicationDefaultCredential (/Users/romanstankiewicz/Development/STRATEGY/roomipro/functions/node_modules/firebase-admin/lib/auth/credential.js:299:46)
    at FirebaseNamespaceInternals.initializeApp (/Users/romanstankiewicz/Development/STRATEGY/roomipro/functions/node_modules/firebase-admin/lib/firebase-namespace.js:61:34)
    at FirebaseNamespace.initializeApp (/Users/romanstankiewicz/Development/STRATEGY/roomipro/functions/node_modules/firebase-admin/lib/firebase-namespace.js:362:30)
    at Object.<anonymous> (/Users/romanstankiewicz/Development/STRATEGY/roomipro/functions/index.js:20:7)
    at Module._compile (internal/modules/cjs/loader.js:689:30)
    at Object.Module._extensions..js (internal/modules/cjs/loader.js:700:10)]
2018-10-04T08:33:30.763Z - error:  code=500, status=INTERNAL, message=Function worker crashed with exit code: 1
undefined/Users/romanstankiewicz/Development/STRATEGY/roomipro/functions/node_modules/firebase-admin/lib/auth/credential.js:139
            throw new error_1.FirebaseAppError(error_1.AppErrorCodes.INVALID_CREDENTIAL, 'Failed to parse certificate key file: ' + error);
            ^

Error: Failed to parse certificate key file: Error: ENOENT: no such file or directory, open 'VoiceTest-b31979c969f4.json'
    at FirebaseAppError.FirebaseError [as constructor] (/Users/romanstankiewicz/Development/STRATEGY/roomipro/functions/node_modules/firebase-admin/lib/utils/error.js:39:28)
    at FirebaseAppError.PrefixedFirebaseError [as constructor] (/Users/romanstankiewicz/Development/STRATEGY/roomipro/functions/node_modules/firebase-admin/lib/utils/error.js:85:28)
    at new FirebaseAppError (/Users/romanstankiewicz/Development/STRATEGY/roomipro/functions/node_modules/firebase-admin/lib/utils/error.js:119:28)
    at Function.Certificate.fromPath (/Users/romanstankiewicz/Development/STRATEGY/roomipro/functions/node_modules/firebase-admin/lib/auth/credential.js:139:19)
    at new ApplicationDefaultCredential (/Users/romanstankiewicz/Development/STRATEGY/roomipro/functions/node_modules/firebase-admin/lib/auth/credential.js:299:46)
    at FirebaseNamespaceInternals.initializeApp (/Users/romanstankiewicz/Development/STRATEGY/roomipro/functions/node_modules/firebase-admin/lib/firebase-namespace.js:61:34)
    at FirebaseNamespace.initializeApp (/Users/romanstankiewicz/Development/STRATEGY/roomipro/functions/node_modules/firebase-admin/lib/firebase-namespace.js:362:30)
    at Object.<anonymous> (/Users/romanstankiewicz/Development/STRATEGY/roomipro/functions/index.js:20:7)
    at Module._compile (internal/modules/cjs/loader.js:689:30)
    at Object.Module._extensions..js (internal/modules/cjs/loader.js:700:10), errors=[Function worker crashed with exit code: 1
undefined/Users/romanstankiewicz/Development/STRATEGY/roomipro/functions/node_modules/firebase-admin/lib/auth/credential.js:139
            throw new error_1.FirebaseAppError(error_1.AppErrorCodes.INVALID_CREDENTIAL, 'Failed to parse certificate key file: ' + error);
            ^

Error: Failed to parse certificate key file: Error: ENOENT: no such file or directory, open 'VoiceTest-b31979c969f4.json'
    at FirebaseAppError.FirebaseError [as constructor] (/Users/romanstankiewicz/Development/STRATEGY/roomipro/functions/node_modules/firebase-admin/lib/utils/error.js:39:28)
    at FirebaseAppError.PrefixedFirebaseError [as constructor] (/Users/romanstankiewicz/Development/STRATEGY/roomipro/functions/node_modules/firebase-admin/lib/utils/error.js:85:28)
    at new FirebaseAppError (/Users/romanstankiewicz/Development/STRATEGY/roomipro/functions/node_modules/firebase-admin/lib/utils/error.js:119:28)
    at Function.Certificate.fromPath (/Users/romanstankiewicz/Development/STRATEGY/roomipro/functions/node_modules/firebase-admin/lib/auth/credential.js:139:19)
    at new ApplicationDefaultCredential (/Users/romanstankiewicz/Development/STRATEGY/roomipro/functions/node_modules/firebase-admin/lib/auth/credential.js:299:46)
    at FirebaseNamespaceInternals.initializeApp (/Users/romanstankiewicz/Development/STRATEGY/roomipro/functions/node_modules/firebase-admin/lib/firebase-namespace.js:61:34)
    at FirebaseNamespace.initializeApp (/Users/romanstankiewicz/Development/STRATEGY/roomipro/functions/node_modules/firebase-admin/lib/firebase-namespace.js:362:30)
    at Object.<anonymous> (/Users/romanstankiewicz/Development/STRATEGY/roomipro/functions/index.js:20:7)
    at Module._compile (internal/modules/cjs/loader.js:689:30)
    at Object.Module._extensions..js (internal/modules/cjs/loader.js:700:10)]
2018-10-04T08:41:39.729Z - error: /Users/romanstankiewicz/Development/STRATEGY/roomipro/functions/node_modules/firebase-admin/lib/auth/credential.js:139
            throw new error_1.FirebaseAppError(error_1.AppErrorCodes.INVALID_CREDENTIAL, 'Failed to parse certificate key file: ' + error);
            ^

Error: Failed to parse certificate key file: Error: ENOENT: no such file or directory, open 'VoiceTest-b31979c969f4.json'
    at FirebaseAppError.FirebaseError [as constructor] (/Users/romanstankiewicz/Development/STRATEGY/roomipro/functions/node_modules/firebase-admin/lib/utils/error.js:39:28)
    at FirebaseAppError.PrefixedFirebaseError [as constructor] (/Users/romanstankiewicz/Development/STRATEGY/roomipro/functions/node_modules/firebase-admin/lib/utils/error.js:85:28)
    at new FirebaseAppError (/Users/romanstankiewicz/Development/STRATEGY/roomipro/functions/node_modules/firebase-admin/lib/utils/error.js:119:28)
    at Function.Certificate.fromPath (/Users/romanstankiewicz/Development/STRATEGY/roomipro/functions/node_modules/firebase-admin/lib/auth/credential.js:139:19)
    at new ApplicationDefaultCredential (/Users/romanstankiewicz/Development/STRATEGY/roomipro/functions/node_modules/firebase-admin/lib/auth/credential.js:299:46)
    at FirebaseNamespaceInternals.initializeApp (/Users/romanstankiewicz/Development/STRATEGY/roomipro/functions/node_modules/firebase-admin/lib/firebase-namespace.js:61:34)
    at FirebaseNamespace.initializeApp (/Users/romanstankiewicz/Development/STRATEGY/roomipro/functions/node_modules/firebase-admin/lib/firebase-namespace.js:362:30)
    at Object.<anonymous> (/Users/romanstankiewicz/Development/STRATEGY/roomipro/functions/index.js:20:7)
    at Module._compile (internal/modules/cjs/loader.js:689:30)
    at Object.Module._extensions..js (internal/modules/cjs/loader.js:700:10)
2018-10-04T08:41:39.747Z - error: Function worker crashed with exit code: 1
2018-10-04T08:41:39.753Z - error: /Users/romanstankiewicz/Development/STRATEGY/roomipro/functions/node_modules/firebase-admin/lib/auth/credential.js:139
            throw new error_1.FirebaseAppError(error_1.AppErrorCodes.INVALID_CREDENTIAL, 'Failed to parse certificate key file: ' + error);
            ^

Error: Failed to parse certificate key file: Error: ENOENT: no such file or directory, open 'VoiceTest-b31979c969f4.json'
    at FirebaseAppError.FirebaseError [as constructor] (/Users/romanstankiewicz/Development/STRATEGY/roomipro/functions/node_modules/firebase-admin/lib/utils/error.js:39:28)
    at FirebaseAppError.PrefixedFirebaseError [as constructor] (/Users/romanstankiewicz/Development/STRATEGY/roomipro/functions/node_modules/firebase-admin/lib/utils/error.js:85:28)
    at new FirebaseAppError (/Users/romanstankiewicz/Development/STRATEGY/roomipro/functions/node_modules/firebase-admin/lib/utils/error.js:119:28)
    at Function.Certificate.fromPath (/Users/romanstankiewicz/Development/STRATEGY/roomipro/functions/node_modules/firebase-admin/lib/auth/credential.js:139:19)
    at new ApplicationDefaultCredential (/Users/romanstankiewicz/Development/STRATEGY/roomipro/functions/node_modules/firebase-admin/lib/auth/credential.js:299:46)
    at FirebaseNamespaceInternals.initializeApp (/Users/romanstankiewicz/Development/STRATEGY/roomipro/functions/node_modules/firebase-admin/lib/firebase-namespace.js:61:34)
    at FirebaseNamespace.initializeApp (/Users/romanstankiewicz/Development/STRATEGY/roomipro/functions/node_modules/firebase-admin/lib/firebase-namespace.js:362:30)
    at Object.<anonymous> (/Users/romanstankiewicz/Development/STRATEGY/roomipro/functions/index.js:20:7)
    at Module._compile (internal/modules/cjs/loader.js:689:30)
    at Object.Module._extensions..js (internal/modules/cjs/loader.js:700:10)
2018-10-04T08:41:39.769Z - error: Function worker crashed with exit code: 1
2018-10-04T08:41:39.802Z - error:  code=500, status=INTERNAL, message=Function worker crashed with exit code: 1
undefined/Users/romanstankiewicz/Development/STRATEGY/roomipro/functions/node_modules/firebase-admin/lib/auth/credential.js:139
            throw new error_1.FirebaseAppError(error_1.AppErrorCodes.INVALID_CREDENTIAL, 'Failed to parse certificate key file: ' + error);
            ^

Error: Failed to parse certificate key file: Error: ENOENT: no such file or directory, open 'VoiceTest-b31979c969f4.json'
    at FirebaseAppError.FirebaseError [as constructor] (/Users/romanstankiewicz/Development/STRATEGY/roomipro/functions/node_modules/firebase-admin/lib/utils/error.js:39:28)
    at FirebaseAppError.PrefixedFirebaseError [as constructor] (/Users/romanstankiewicz/Development/STRATEGY/roomipro/functions/node_modules/firebase-admin/lib/utils/error.js:85:28)
    at new FirebaseAppError (/Users/romanstankiewicz/Development/STRATEGY/roomipro/functions/node_modules/firebase-admin/lib/utils/error.js:119:28)
    at Function.Certificate.fromPath (/Users/romanstankiewicz/Development/STRATEGY/roomipro/functions/node_modules/firebase-admin/lib/auth/credential.js:139:19)
    at new ApplicationDefaultCredential (/Users/romanstankiewicz/Development/STRATEGY/roomipro/functions/node_modules/firebase-admin/lib/auth/credential.js:299:46)
    at FirebaseNamespaceInternals.initializeApp (/Users/romanstankiewicz/Development/STRATEGY/roomipro/functions/node_modules/firebase-admin/lib/firebase-namespace.js:61:34)
    at FirebaseNamespace.initializeApp (/Users/romanstankiewicz/Development/STRATEGY/roomipro/functions/node_modules/firebase-admin/lib/firebase-namespace.js:362:30)
    at Object.<anonymous> (/Users/romanstankiewicz/Development/STRATEGY/roomipro/functions/index.js:20:7)
    at Module._compile (internal/modules/cjs/loader.js:689:30)
    at Object.Module._extensions..js (internal/modules/cjs/loader.js:700:10), errors=[Function worker crashed with exit code: 1
undefined/Users/romanstankiewicz/Development/STRATEGY/roomipro/functions/node_modules/firebase-admin/lib/auth/credential.js:139
            throw new error_1.FirebaseAppError(error_1.AppErrorCodes.INVALID_CREDENTIAL, 'Failed to parse certificate key file: ' + error);
            ^

Error: Failed to parse certificate key file: Error: ENOENT: no such file or directory, open 'VoiceTest-b31979c969f4.json'
    at FirebaseAppError.FirebaseError [as constructor] (/Users/romanstankiewicz/Development/STRATEGY/roomipro/functions/node_modules/firebase-admin/lib/utils/error.js:39:28)
    at FirebaseAppError.PrefixedFirebaseError [as constructor] (/Users/romanstankiewicz/Development/STRATEGY/roomipro/functions/node_modules/firebase-admin/lib/utils/error.js:85:28)
    at new FirebaseAppError (/Users/romanstankiewicz/Development/STRATEGY/roomipro/functions/node_modules/firebase-admin/lib/utils/error.js:119:28)
    at Function.Certificate.fromPath (/Users/romanstankiewicz/Development/STRATEGY/roomipro/functions/node_modules/firebase-admin/lib/auth/credential.js:139:19)
    at new ApplicationDefaultCredential (/Users/romanstankiewicz/Development/STRATEGY/roomipro/functions/node_modules/firebase-admin/lib/auth/credential.js:299:46)
    at FirebaseNamespaceInternals.initializeApp (/Users/romanstankiewicz/Development/STRATEGY/roomipro/functions/node_modules/firebase-admin/lib/firebase-namespace.js:61:34)
    at FirebaseNamespace.initializeApp (/Users/romanstankiewicz/Development/STRATEGY/roomipro/functions/node_modules/firebase-admin/lib/firebase-namespace.js:362:30)
    at Object.<anonymous> (/Users/romanstankiewicz/Development/STRATEGY/roomipro/functions/index.js:20:7)
    at Module._compile (internal/modules/cjs/loader.js:689:30)
    at Object.Module._extensions..js (internal/modules/cjs/loader.js:700:10)]
2018-10-04T08:41:39.834Z - error:  code=500, status=INTERNAL, message=Function worker crashed with exit code: 1
undefined/Users/romanstankiewicz/Development/STRATEGY/roomipro/functions/node_modules/firebase-admin/lib/auth/credential.js:139
            throw new error_1.FirebaseAppError(error_1.AppErrorCodes.INVALID_CREDENTIAL, 'Failed to parse certificate key file: ' + error);
            ^

Error: Failed to parse certificate key file: Error: ENOENT: no such file or directory, open 'VoiceTest-b31979c969f4.json'
    at FirebaseAppError.FirebaseError [as constructor] (/Users/romanstankiewicz/Development/STRATEGY/roomipro/functions/node_modules/firebase-admin/lib/utils/error.js:39:28)
    at FirebaseAppError.PrefixedFirebaseError [as constructor] (/Users/romanstankiewicz/Development/STRATEGY/roomipro/functions/node_modules/firebase-admin/lib/utils/error.js:85:28)
    at new FirebaseAppError (/Users/romanstankiewicz/Development/STRATEGY/roomipro/functions/node_modules/firebase-admin/lib/utils/error.js:119:28)
    at Function.Certificate.fromPath (/Users/romanstankiewicz/Development/STRATEGY/roomipro/functions/node_modules/firebase-admin/lib/auth/credential.js:139:19)
    at new ApplicationDefaultCredential (/Users/romanstankiewicz/Development/STRATEGY/roomipro/functions/node_modules/firebase-admin/lib/auth/credential.js:299:46)
    at FirebaseNamespaceInternals.initializeApp (/Users/romanstankiewicz/Development/STRATEGY/roomipro/functions/node_modules/firebase-admin/lib/firebase-namespace.js:61:34)
    at FirebaseNamespace.initializeApp (/Users/romanstankiewicz/Development/STRATEGY/roomipro/functions/node_modules/firebase-admin/lib/firebase-namespace.js:362:30)
    at Object.<anonymous> (/Users/romanstankiewicz/Development/STRATEGY/roomipro/functions/index.js:20:7)
    at Module._compile (internal/modules/cjs/loader.js:689:30)
    at Object.Module._extensions..js (internal/modules/cjs/loader.js:700:10), errors=[Function worker crashed with exit code: 1
undefined/Users/romanstankiewicz/Development/STRATEGY/roomipro/functions/node_modules/firebase-admin/lib/auth/credential.js:139
            throw new error_1.FirebaseAppError(error_1.AppErrorCodes.INVALID_CREDENTIAL, 'Failed to parse certificate key file: ' + error);
            ^

Error: Failed to parse certificate key file: Error: ENOENT: no such file or directory, open 'VoiceTest-b31979c969f4.json'
    at FirebaseAppError.FirebaseError [as constructor] (/Users/romanstankiewicz/Development/STRATEGY/roomipro/functions/node_modules/firebase-admin/lib/utils/error.js:39:28)
    at FirebaseAppError.PrefixedFirebaseError [as constructor] (/Users/romanstankiewicz/Development/STRATEGY/roomipro/functions/node_modules/firebase-admin/lib/utils/error.js:85:28)
    at new FirebaseAppError (/Users/romanstankiewicz/Development/STRATEGY/roomipro/functions/node_modules/firebase-admin/lib/utils/error.js:119:28)
    at Function.Certificate.fromPath (/Users/romanstankiewicz/Development/STRATEGY/roomipro/functions/node_modules/firebase-admin/lib/auth/credential.js:139:19)
    at new ApplicationDefaultCredential (/Users/romanstankiewicz/Development/STRATEGY/roomipro/functions/node_modules/firebase-admin/lib/auth/credential.js:299:46)
    at FirebaseNamespaceInternals.initializeApp (/Users/romanstankiewicz/Development/STRATEGY/roomipro/functions/node_modules/firebase-admin/lib/firebase-namespace.js:61:34)
    at FirebaseNamespace.initializeApp (/Users/romanstankiewicz/Development/STRATEGY/roomipro/functions/node_modules/firebase-admin/lib/firebase-namespace.js:362:30)
    at Object.<anonymous> (/Users/romanstankiewicz/Development/STRATEGY/roomipro/functions/index.js:20:7)
    at Module._compile (internal/modules/cjs/loader.js:689:30)
    at Object.Module._extensions..js (internal/modules/cjs/loader.js:700:10)]
2018-10-04T08:43:23.831Z - error: /Users/romanstankiewicz/Development/STRATEGY/roomipro/functions/node_modules/firebase-admin/lib/auth/credential.js:139
            throw new error_1.FirebaseAppError(error_1.AppErrorCodes.INVALID_CREDENTIAL, 'Failed to parse certificate key file: ' + error);
            ^

Error: Failed to parse certificate key file: Error: ENOENT: no such file or directory, open 'VoiceTest-b31979c969f4.json'
    at FirebaseAppError.Error (native)
    at FirebaseAppError.FirebaseError [as constructor] (/Users/romanstankiewicz/Development/STRATEGY/roomipro/functions/node_modules/firebase-admin/lib/utils/error.js:39:28)
    at FirebaseAppError.PrefixedFirebaseError [as constructor] (/Users/romanstankiewicz/Development/STRATEGY/roomipro/functions/node_modules/firebase-admin/lib/utils/error.js:85:28)
    at new FirebaseAppError (/Users/romanstankiewicz/Development/STRATEGY/roomipro/functions/node_modules/firebase-admin/lib/utils/error.js:119:28)
    at Function.Certificate.fromPath (/Users/romanstankiewicz/Development/STRATEGY/roomipro/functions/node_modules/firebase-admin/lib/auth/credential.js:139:19)
    at new ApplicationDefaultCredential (/Users/romanstankiewicz/Development/STRATEGY/roomipro/functions/node_modules/firebase-admin/lib/auth/credential.js:299:46)
    at FirebaseNamespaceInternals.initializeApp (/Users/romanstankiewicz/Development/STRATEGY/roomipro/functions/node_modules/firebase-admin/lib/firebase-namespace.js:61:34)
    at FirebaseNamespace.initializeApp (/Users/romanstankiewicz/Development/STRATEGY/roomipro/functions/node_modules/firebase-admin/lib/firebase-namespace.js:362:30)
    at Object.<anonymous> (/Users/romanstankiewicz/Development/STRATEGY/roomipro/functions/index.js:20:7)
    at Module._compile (module.js:570:32)
2018-10-04T08:43:23.850Z - error: Function worker crashed with exit code: 1
2018-10-04T08:43:23.860Z - error: /Users/romanstankiewicz/Development/STRATEGY/roomipro/functions/node_modules/firebase-admin/lib/auth/credential.js:139
            throw new error_1.FirebaseAppError(error_1.AppErrorCodes.INVALID_CREDENTIAL, 'Failed to parse certificate key file: ' + error);
            ^

Error: Failed to parse certificate key file: Error: ENOENT: no such file or directory, open 'VoiceTest-b31979c969f4.json'
    at FirebaseAppError.Error (native)
    at FirebaseAppError.FirebaseError [as constructor] (/Users/romanstankiewicz/Development/STRATEGY/roomipro/functions/node_modules/firebase-admin/lib/utils/error.js:39:28)
    at FirebaseAppError.PrefixedFirebaseError [as constructor] (/Users/romanstankiewicz/Development/STRATEGY/roomipro/functions/node_modules/firebase-admin/lib/utils/error.js:85:28)
    at new FirebaseAppError (/Users/romanstankiewicz/Development/STRATEGY/roomipro/functions/node_modules/firebase-admin/lib/utils/error.js:119:28)
    at Function.Certificate.fromPath (/Users/romanstankiewicz/Development/STRATEGY/roomipro/functions/node_modules/firebase-admin/lib/auth/credential.js:139:19)
    at new ApplicationDefaultCredential (/Users/romanstankiewicz/Development/STRATEGY/roomipro/functions/node_modules/firebase-admin/lib/auth/credential.js:299:46)
    at FirebaseNamespaceInternals.initializeApp (/Users/romanstankiewicz/Development/STRATEGY/roomipro/functions/node_modules/firebase-admin/lib/firebase-namespace.js:61:34)
    at FirebaseNamespace.initializeApp (/Users/romanstankiewicz/Development/STRATEGY/roomipro/functions/node_modules/firebase-admin/lib/firebase-namespace.js:362:30)
    at Object.<anonymous> (/Users/romanstankiewicz/Development/STRATEGY/roomipro/functions/index.js:20:7)
    at Module._compile (module.js:570:32)
2018-10-04T08:43:23.879Z - error: Function worker crashed with exit code: 1
2018-10-04T08:43:23.892Z - error:  code=500, status=INTERNAL, message=Function worker crashed with exit code: 1
undefined/Users/romanstankiewicz/Development/STRATEGY/roomipro/functions/node_modules/firebase-admin/lib/auth/credential.js:139
            throw new error_1.FirebaseAppError(error_1.AppErrorCodes.INVALID_CREDENTIAL, 'Failed to parse certificate key file: ' + error);
            ^

Error: Failed to parse certificate key file: Error: ENOENT: no such file or directory, open 'VoiceTest-b31979c969f4.json'
    at FirebaseAppError.Error (native)
    at FirebaseAppError.FirebaseError [as constructor] (/Users/romanstankiewicz/Development/STRATEGY/roomipro/functions/node_modules/firebase-admin/lib/utils/error.js:39:28)
    at FirebaseAppError.PrefixedFirebaseError [as constructor] (/Users/romanstankiewicz/Development/STRATEGY/roomipro/functions/node_modules/firebase-admin/lib/utils/error.js:85:28)
    at new FirebaseAppError (/Users/romanstankiewicz/Development/STRATEGY/roomipro/functions/node_modules/firebase-admin/lib/utils/error.js:119:28)
    at Function.Certificate.fromPath (/Users/romanstankiewicz/Development/STRATEGY/roomipro/functions/node_modules/firebase-admin/lib/auth/credential.js:139:19)
    at new ApplicationDefaultCredential (/Users/romanstankiewicz/Development/STRATEGY/roomipro/functions/node_modules/firebase-admin/lib/auth/credential.js:299:46)
    at FirebaseNamespaceInternals.initializeApp (/Users/romanstankiewicz/Development/STRATEGY/roomipro/functions/node_modules/firebase-admin/lib/firebase-namespace.js:61:34)
    at FirebaseNamespace.initializeApp (/Users/romanstankiewicz/Development/STRATEGY/roomipro/functions/node_modules/firebase-admin/lib/firebase-namespace.js:362:30)
    at Object.<anonymous> (/Users/romanstankiewicz/Development/STRATEGY/roomipro/functions/index.js:20:7)
    at Module._compile (module.js:570:32), errors=[Function worker crashed with exit code: 1
undefined/Users/romanstankiewicz/Development/STRATEGY/roomipro/functions/node_modules/firebase-admin/lib/auth/credential.js:139
            throw new error_1.FirebaseAppError(error_1.AppErrorCodes.INVALID_CREDENTIAL, 'Failed to parse certificate key file: ' + error);
            ^

Error: Failed to parse certificate key file: Error: ENOENT: no such file or directory, open 'VoiceTest-b31979c969f4.json'
    at FirebaseAppError.Error (native)
    at FirebaseAppError.FirebaseError [as constructor] (/Users/romanstankiewicz/Development/STRATEGY/roomipro/functions/node_modules/firebase-admin/lib/utils/error.js:39:28)
    at FirebaseAppError.PrefixedFirebaseError [as constructor] (/Users/romanstankiewicz/Development/STRATEGY/roomipro/functions/node_modules/firebase-admin/lib/utils/error.js:85:28)
    at new FirebaseAppError (/Users/romanstankiewicz/Development/STRATEGY/roomipro/functions/node_modules/firebase-admin/lib/utils/error.js:119:28)
    at Function.Certificate.fromPath (/Users/romanstankiewicz/Development/STRATEGY/roomipro/functions/node_modules/firebase-admin/lib/auth/credential.js:139:19)
    at new ApplicationDefaultCredential (/Users/romanstankiewicz/Development/STRATEGY/roomipro/functions/node_modules/firebase-admin/lib/auth/credential.js:299:46)
    at FirebaseNamespaceInternals.initializeApp (/Users/romanstankiewicz/Development/STRATEGY/roomipro/functions/node_modules/firebase-admin/lib/firebase-namespace.js:61:34)
    at FirebaseNamespace.initializeApp (/Users/romanstankiewicz/Development/STRATEGY/roomipro/functions/node_modules/firebase-admin/lib/firebase-namespace.js:362:30)
    at Object.<anonymous> (/Users/romanstankiewicz/Development/STRATEGY/roomipro/functions/index.js:20:7)
    at Module._compile (module.js:570:32)]
2018-10-04T08:43:23.927Z - error:  code=500, status=INTERNAL, message=Function worker crashed with exit code: 1
undefined/Users/romanstankiewicz/Development/STRATEGY/roomipro/functions/node_modules/firebase-admin/lib/auth/credential.js:139
            throw new error_1.FirebaseAppError(error_1.AppErrorCodes.INVALID_CREDENTIAL, 'Failed to parse certificate key file: ' + error);
            ^

Error: Failed to parse certificate key file: Error: ENOENT: no such file or directory, open 'VoiceTest-b31979c969f4.json'
    at FirebaseAppError.Error (native)
    at FirebaseAppError.FirebaseError [as constructor] (/Users/romanstankiewicz/Development/STRATEGY/roomipro/functions/node_modules/firebase-admin/lib/utils/error.js:39:28)
    at FirebaseAppError.PrefixedFirebaseError [as constructor] (/Users/romanstankiewicz/Development/STRATEGY/roomipro/functions/node_modules/firebase-admin/lib/utils/error.js:85:28)
    at new FirebaseAppError (/Users/romanstankiewicz/Development/STRATEGY/roomipro/functions/node_modules/firebase-admin/lib/utils/error.js:119:28)
    at Function.Certificate.fromPath (/Users/romanstankiewicz/Development/STRATEGY/roomipro/functions/node_modules/firebase-admin/lib/auth/credential.js:139:19)
    at new ApplicationDefaultCredential (/Users/romanstankiewicz/Development/STRATEGY/roomipro/functions/node_modules/firebase-admin/lib/auth/credential.js:299:46)
    at FirebaseNamespaceInternals.initializeApp (/Users/romanstankiewicz/Development/STRATEGY/roomipro/functions/node_modules/firebase-admin/lib/firebase-namespace.js:61:34)
    at FirebaseNamespace.initializeApp (/Users/romanstankiewicz/Development/STRATEGY/roomipro/functions/node_modules/firebase-admin/lib/firebase-namespace.js:362:30)
    at Object.<anonymous> (/Users/romanstankiewicz/Development/STRATEGY/roomipro/functions/index.js:20:7)
    at Module._compile (module.js:570:32), errors=[Function worker crashed with exit code: 1
undefined/Users/romanstankiewicz/Development/STRATEGY/roomipro/functions/node_modules/firebase-admin/lib/auth/credential.js:139
            throw new error_1.FirebaseAppError(error_1.AppErrorCodes.INVALID_CREDENTIAL, 'Failed to parse certificate key file: ' + error);
            ^

Error: Failed to parse certificate key file: Error: ENOENT: no such file or directory, open 'VoiceTest-b31979c969f4.json'
    at FirebaseAppError.Error (native)
    at FirebaseAppError.FirebaseError [as constructor] (/Users/romanstankiewicz/Development/STRATEGY/roomipro/functions/node_modules/firebase-admin/lib/utils/error.js:39:28)
    at FirebaseAppError.PrefixedFirebaseError [as constructor] (/Users/romanstankiewicz/Development/STRATEGY/roomipro/functions/node_modules/firebase-admin/lib/utils/error.js:85:28)
    at new FirebaseAppError (/Users/romanstankiewicz/Development/STRATEGY/roomipro/functions/node_modules/firebase-admin/lib/utils/error.js:119:28)
    at Function.Certificate.fromPath (/Users/romanstankiewicz/Development/STRATEGY/roomipro/functions/node_modules/firebase-admin/lib/auth/credential.js:139:19)
    at new ApplicationDefaultCredential (/Users/romanstankiewicz/Development/STRATEGY/roomipro/functions/node_modules/firebase-admin/lib/auth/credential.js:299:46)
    at FirebaseNamespaceInternals.initializeApp (/Users/romanstankiewicz/Development/STRATEGY/roomipro/functions/node_modules/firebase-admin/lib/firebase-namespace.js:61:34)
    at FirebaseNamespace.initializeApp (/Users/romanstankiewicz/Development/STRATEGY/roomipro/functions/node_modules/firebase-admin/lib/firebase-namespace.js:362:30)
    at Object.<anonymous> (/Users/romanstankiewicz/Development/STRATEGY/roomipro/functions/index.js:20:7)
    at Module._compile (module.js:570:32)]
2018-10-04T08:44:37.412Z - error: /Users/romanstankiewicz/Development/STRATEGY/roomipro/functions/node_modules/firebase-admin/lib/auth/credential.js:139
            throw new error_1.FirebaseAppError(error_1.AppErrorCodes.INVALID_CREDENTIAL, 'Failed to parse certificate key file: ' + error);
            ^

Error: Failed to parse certificate key file: Error: ENOENT: no such file or directory, open 'VoiceTest-b31979c969f4.json'
    at FirebaseAppError.Error (native)
    at FirebaseAppError.FirebaseError [as constructor] (/Users/romanstankiewicz/Development/STRATEGY/roomipro/functions/node_modules/firebase-admin/lib/utils/error.js:39:28)
    at FirebaseAppError.PrefixedFirebaseError [as constructor] (/Users/romanstankiewicz/Development/STRATEGY/roomipro/functions/node_modules/firebase-admin/lib/utils/error.js:85:28)
    at new FirebaseAppError (/Users/romanstankiewicz/Development/STRATEGY/roomipro/functions/node_modules/firebase-admin/lib/utils/error.js:119:28)
    at Function.Certificate.fromPath (/Users/romanstankiewicz/Development/STRATEGY/roomipro/functions/node_modules/firebase-admin/lib/auth/credential.js:139:19)
    at new ApplicationDefaultCredential (/Users/romanstankiewicz/Development/STRATEGY/roomipro/functions/node_modules/firebase-admin/lib/auth/credential.js:299:46)
    at FirebaseNamespaceInternals.initializeApp (/Users/romanstankiewicz/Development/STRATEGY/roomipro/functions/node_modules/firebase-admin/lib/firebase-namespace.js:61:34)
    at FirebaseNamespace.initializeApp (/Users/romanstankiewicz/Development/STRATEGY/roomipro/functions/node_modules/firebase-admin/lib/firebase-namespace.js:362:30)
    at Object.<anonymous> (/Users/romanstankiewicz/Development/STRATEGY/roomipro/functions/index.js:20:7)
    at Module._compile (module.js:570:32)
2018-10-04T08:44:37.432Z - error: Function worker crashed with exit code: 1
2018-10-04T08:44:37.441Z - error: /Users/romanstankiewicz/Development/STRATEGY/roomipro/functions/node_modules/firebase-admin/lib/auth/credential.js:139
            throw new error_1.FirebaseAppError(error_1.AppErrorCodes.INVALID_CREDENTIAL, 'Failed to parse certificate key file: ' + error);
            ^

Error: Failed to parse certificate key file: Error: ENOENT: no such file or directory, open 'VoiceTest-b31979c969f4.json'
    at FirebaseAppError.Error (native)
    at FirebaseAppError.FirebaseError [as constructor] (/Users/romanstankiewicz/Development/STRATEGY/roomipro/functions/node_modules/firebase-admin/lib/utils/error.js:39:28)
    at FirebaseAppError.PrefixedFirebaseError [as constructor] (/Users/romanstankiewicz/Development/STRATEGY/roomipro/functions/node_modules/firebase-admin/lib/utils/error.js:85:28)
    at new FirebaseAppError (/Users/romanstankiewicz/Development/STRATEGY/roomipro/functions/node_modules/firebase-admin/lib/utils/error.js:119:28)
    at Function.Certificate.fromPath (/Users/romanstankiewicz/Development/STRATEGY/roomipro/functions/node_modules/firebase-admin/lib/auth/credential.js:139:19)
    at new ApplicationDefaultCredential (/Users/romanstankiewicz/Development/STRATEGY/roomipro/functions/node_modules/firebase-admin/lib/auth/credential.js:299:46)
    at FirebaseNamespaceInternals.initializeApp (/Users/romanstankiewicz/Development/STRATEGY/roomipro/functions/node_modules/firebase-admin/lib/firebase-namespace.js:61:34)
    at FirebaseNamespace.initializeApp (/Users/romanstankiewicz/Development/STRATEGY/roomipro/functions/node_modules/firebase-admin/lib/firebase-namespace.js:362:30)
    at Object.<anonymous> (/Users/romanstankiewicz/Development/STRATEGY/roomipro/functions/index.js:20:7)
    at Module._compile (module.js:570:32)
2018-10-04T08:44:37.457Z - error: Function worker crashed with exit code: 1
2018-10-04T08:44:37.463Z - error:  code=500, status=INTERNAL, message=Function worker crashed with exit code: 1
undefined/Users/romanstankiewicz/Development/STRATEGY/roomipro/functions/node_modules/firebase-admin/lib/auth/credential.js:139
            throw new error_1.FirebaseAppError(error_1.AppErrorCodes.INVALID_CREDENTIAL, 'Failed to parse certificate key file: ' + error);
            ^

Error: Failed to parse certificate key file: Error: ENOENT: no such file or directory, open 'VoiceTest-b31979c969f4.json'
    at FirebaseAppError.Error (native)
    at FirebaseAppError.FirebaseError [as constructor] (/Users/romanstankiewicz/Development/STRATEGY/roomipro/functions/node_modules/firebase-admin/lib/utils/error.js:39:28)
    at FirebaseAppError.PrefixedFirebaseError [as constructor] (/Users/romanstankiewicz/Development/STRATEGY/roomipro/functions/node_modules/firebase-admin/lib/utils/error.js:85:28)
    at new FirebaseAppError (/Users/romanstankiewicz/Development/STRATEGY/roomipro/functions/node_modules/firebase-admin/lib/utils/error.js:119:28)
    at Function.Certificate.fromPath (/Users/romanstankiewicz/Development/STRATEGY/roomipro/functions/node_modules/firebase-admin/lib/auth/credential.js:139:19)
    at new ApplicationDefaultCredential (/Users/romanstankiewicz/Development/STRATEGY/roomipro/functions/node_modules/firebase-admin/lib/auth/credential.js:299:46)
    at FirebaseNamespaceInternals.initializeApp (/Users/romanstankiewicz/Development/STRATEGY/roomipro/functions/node_modules/firebase-admin/lib/firebase-namespace.js:61:34)
    at FirebaseNamespace.initializeApp (/Users/romanstankiewicz/Development/STRATEGY/roomipro/functions/node_modules/firebase-admin/lib/firebase-namespace.js:362:30)
    at Object.<anonymous> (/Users/romanstankiewicz/Development/STRATEGY/roomipro/functions/index.js:20:7)
    at Module._compile (module.js:570:32), errors=[Function worker crashed with exit code: 1
undefined/Users/romanstankiewicz/Development/STRATEGY/roomipro/functions/node_modules/firebase-admin/lib/auth/credential.js:139
            throw new error_1.FirebaseAppError(error_1.AppErrorCodes.INVALID_CREDENTIAL, 'Failed to parse certificate key file: ' + error);
            ^

Error: Failed to parse certificate key file: Error: ENOENT: no such file or directory, open 'VoiceTest-b31979c969f4.json'
    at FirebaseAppError.Error (native)
    at FirebaseAppError.FirebaseError [as constructor] (/Users/romanstankiewicz/Development/STRATEGY/roomipro/functions/node_modules/firebase-admin/lib/utils/error.js:39:28)
    at FirebaseAppError.PrefixedFirebaseError [as constructor] (/Users/romanstankiewicz/Development/STRATEGY/roomipro/functions/node_modules/firebase-admin/lib/utils/error.js:85:28)
    at new FirebaseAppError (/Users/romanstankiewicz/Development/STRATEGY/roomipro/functions/node_modules/firebase-admin/lib/utils/error.js:119:28)
    at Function.Certificate.fromPath (/Users/romanstankiewicz/Development/STRATEGY/roomipro/functions/node_modules/firebase-admin/lib/auth/credential.js:139:19)
    at new ApplicationDefaultCredential (/Users/romanstankiewicz/Development/STRATEGY/roomipro/functions/node_modules/firebase-admin/lib/auth/credential.js:299:46)
    at FirebaseNamespaceInternals.initializeApp (/Users/romanstankiewicz/Development/STRATEGY/roomipro/functions/node_modules/firebase-admin/lib/firebase-namespace.js:61:34)
    at FirebaseNamespace.initializeApp (/Users/romanstankiewicz/Development/STRATEGY/roomipro/functions/node_modules/firebase-admin/lib/firebase-namespace.js:362:30)
    at Object.<anonymous> (/Users/romanstankiewicz/Development/STRATEGY/roomipro/functions/index.js:20:7)
    at Module._compile (module.js:570:32)]
2018-10-04T08:44:37.501Z - error:  code=500, status=INTERNAL, message=Function worker crashed with exit code: 1
undefined/Users/romanstankiewicz/Development/STRATEGY/roomipro/functions/node_modules/firebase-admin/lib/auth/credential.js:139
            throw new error_1.FirebaseAppError(error_1.AppErrorCodes.INVALID_CREDENTIAL, 'Failed to parse certificate key file: ' + error);
            ^

Error: Failed to parse certificate key file: Error: ENOENT: no such file or directory, open 'VoiceTest-b31979c969f4.json'
    at FirebaseAppError.Error (native)
    at FirebaseAppError.FirebaseError [as constructor] (/Users/romanstankiewicz/Development/STRATEGY/roomipro/functions/node_modules/firebase-admin/lib/utils/error.js:39:28)
    at FirebaseAppError.PrefixedFirebaseError [as constructor] (/Users/romanstankiewicz/Development/STRATEGY/roomipro/functions/node_modules/firebase-admin/lib/utils/error.js:85:28)
    at new FirebaseAppError (/Users/romanstankiewicz/Development/STRATEGY/roomipro/functions/node_modules/firebase-admin/lib/utils/error.js:119:28)
    at Function.Certificate.fromPath (/Users/romanstankiewicz/Development/STRATEGY/roomipro/functions/node_modules/firebase-admin/lib/auth/credential.js:139:19)
    at new ApplicationDefaultCredential (/Users/romanstankiewicz/Development/STRATEGY/roomipro/functions/node_modules/firebase-admin/lib/auth/credential.js:299:46)
    at FirebaseNamespaceInternals.initializeApp (/Users/romanstankiewicz/Development/STRATEGY/roomipro/functions/node_modules/firebase-admin/lib/firebase-namespace.js:61:34)
    at FirebaseNamespace.initializeApp (/Users/romanstankiewicz/Development/STRATEGY/roomipro/functions/node_modules/firebase-admin/lib/firebase-namespace.js:362:30)
    at Object.<anonymous> (/Users/romanstankiewicz/Development/STRATEGY/roomipro/functions/index.js:20:7)
    at Module._compile (module.js:570:32), errors=[Function worker crashed with exit code: 1
undefined/Users/romanstankiewicz/Development/STRATEGY/roomipro/functions/node_modules/firebase-admin/lib/auth/credential.js:139
            throw new error_1.FirebaseAppError(error_1.AppErrorCodes.INVALID_CREDENTIAL, 'Failed to parse certificate key file: ' + error);
            ^

Error: Failed to parse certificate key file: Error: ENOENT: no such file or directory, open 'VoiceTest-b31979c969f4.json'
    at FirebaseAppError.Error (native)
    at FirebaseAppError.FirebaseError [as constructor] (/Users/romanstankiewicz/Development/STRATEGY/roomipro/functions/node_modules/firebase-admin/lib/utils/error.js:39:28)
    at FirebaseAppError.PrefixedFirebaseError [as constructor] (/Users/romanstankiewicz/Development/STRATEGY/roomipro/functions/node_modules/firebase-admin/lib/utils/error.js:85:28)
    at new FirebaseAppError (/Users/romanstankiewicz/Development/STRATEGY/roomipro/functions/node_modules/firebase-admin/lib/utils/error.js:119:28)
    at Function.Certificate.fromPath (/Users/romanstankiewicz/Development/STRATEGY/roomipro/functions/node_modules/firebase-admin/lib/auth/credential.js:139:19)
    at new ApplicationDefaultCredential (/Users/romanstankiewicz/Development/STRATEGY/roomipro/functions/node_modules/firebase-admin/lib/auth/credential.js:299:46)
    at FirebaseNamespaceInternals.initializeApp (/Users/romanstankiewicz/Development/STRATEGY/roomipro/functions/node_modules/firebase-admin/lib/firebase-namespace.js:61:34)
    at FirebaseNamespace.initializeApp (/Users/romanstankiewicz/Development/STRATEGY/roomipro/functions/node_modules/firebase-admin/lib/firebase-namespace.js:362:30)
    at Object.<anonymous> (/Users/romanstankiewicz/Development/STRATEGY/roomipro/functions/index.js:20:7)
    at Module._compile (module.js:570:32)]
